[debug] [2023-06-09T12:14:22.951Z] ----------------------------------------------------------------------
[debug] [2023-06-09T12:14:22.953Z] Command:       C:\Program Files\nodejs\node.exe C:\Users\admin\AppData\Roaming\npm\node_modules\firebase-tools\lib\bin\firebase.js init
[debug] [2023-06-09T12:14:22.953Z] CLI Version:   12.3.1
[debug] [2023-06-09T12:14:22.953Z] Platform:      win32
[debug] [2023-06-09T12:14:22.953Z] Node Version:  v18.16.0
[debug] [2023-06-09T12:14:22.954Z] Time:          Fri Jun 09 2023 17:44:22 GMT+0530 (India Standard Time)
[debug] [2023-06-09T12:14:22.954Z] ----------------------------------------------------------------------
[debug] 
[debug] [2023-06-09T12:14:22.959Z] > command requires scopes: ["email","openid","https://www.googleapis.com/auth/cloudplatformprojects.readonly","https://www.googleapis.com/auth/firebase","https://www.googleapis.com/auth/cloud-platform"]
[debug] [2023-06-09T12:14:22.959Z] > authorizing via signed-in user (harsh.yadav.1412@gmail.com)
[info] 
     ######## #### ########  ######## ########     ###     ######  ########
     ##        ##  ##     ## ##       ##     ##  ##   ##  ##       ##
     ######    ##  ########  ######   ########  #########  ######  ######
     ##        ##  ##    ##  ##       ##     ## ##     ##       ## ##
     ##       #### ##     ## ######## ########  ##     ##  ######  ########

You're about to initialize a Firebase project in this directory:

  D:\code\node\project-1

[info] 
=== Project Setup
[info] 
[info] First, let's associate this project directory with a Firebase project.
[info] You can create multiple project aliases by running firebase use --add, 
[info] but for now we'll just set up a default project.
[info] 
[debug] [2023-06-09T12:14:46.649Z] >>> [apiv2][query] GET https://firebase.googleapis.com/v1beta1/projects pageSize=100
[debug] [2023-06-09T12:14:47.447Z] <<< [apiv2][status] GET https://firebase.googleapis.com/v1beta1/projects 200
[debug] [2023-06-09T12:14:47.447Z] <<< [apiv2][body] GET https://firebase.googleapis.com/v1beta1/projects [omitted]
[info] i  Using project project-1-574fe (project-1) 
[info] 
=== Hosting Setup
[info] 
[info] Your public directory is the folder (relative to your project directory) that
[info] will contain Hosting assets to be uploaded with firebase deploy. If you
[info] have a build process for your assets, use your build's output directory.
[info] 
[info] +  Wrote public/404.html 
[debug] [2023-06-09T12:16:08.337Z] >>> [apiv2][query] GET https://www.gstatic.com/firebasejs/releases.json [none]
[debug] [2023-06-09T12:16:08.461Z] <<< [apiv2][status] GET https://www.gstatic.com/firebasejs/releases.json 200
[debug] [2023-06-09T12:16:08.462Z] <<< [apiv2][body] GET https://www.gstatic.com/firebasejs/releases.json {"current":{"version":"9.22.2","browserURL":"https://www.gstatic.com/firebasejs/9.22.2/firebase.js","packageURL":"https://www.gstatic.com/firebasejs/9.22.2/firebase.tgz"},"live":{"version":"9.22","browserURL":"https://www.gstatic.com/firebasejs/live/9.22/firebase.js","packageURL":"https://www.gstatic.com/firebasejs/live/9.22/firebase.tgz"},"components":{"analytics":"https://www.gstatic.com/firebasejs/9.22.2/firebase-analytics.js","app":"https://www.gstatic.com/firebasejs/9.22.2/firebase-app.js","app-check":"https://www.gstatic.com/firebasejs/9.22.2/firebase-app-check.js","auth":"https://www.gstatic.com/firebasejs/9.22.2/firebase-auth.js","auth/cordova":"https://www.gstatic.com/firebasejs/9.22.2/firebase-auth/cordova.js","auth/react-native":"https://www.gstatic.com/firebasejs/9.22.2/firebase-auth/react-native.js","functions":"https://www.gstatic.com/firebasejs/9.22.2/firebase-functions.js","firestore":"https://www.gstatic.com/firebasejs/9.22.2/firebase-firestore.js","firestore/lite":"https://www.gstatic.com/firebasejs/9.22.2/firebase-firestore/lite.js","installations":"https://www.gstatic.com/firebasejs/9.22.2/firebase-installations.js","storage":"https://www.gstatic.com/firebasejs/9.22.2/firebase-storage.js","performance":"https://www.gstatic.com/firebasejs/9.22.2/firebase-performance.js","remote-config":"https://www.gstatic.com/firebasejs/9.22.2/firebase-remote-config.js","messaging":"https://www.gstatic.com/firebasejs/9.22.2/firebase-messaging.js","messaging/sw":"https://www.gstatic.com/firebasejs/9.22.2/firebase-messaging/sw.js","database":"https://www.gstatic.com/firebasejs/9.22.2/firebase-database.js","firestore.memory":"https://www.gstatic.com/firebasejs/9.22.2/firebase-firestore.memory.js"}}
[info] i  Skipping write of public/index.html 
[info] 
[info] i  Didn't detect a .git folder. Assuming D:\code\node\project-1 is the project root. 
[info] i  Authorizing with GitHub to upload your service account to a GitHub repository's secrets store. 
[info] 
[info] Visit this URL on this device to log in:
[info] https://github.com/login/oauth/authorize?client_id=89cf50f02ac6aaed3484&state=155705184&redirect_uri=http%3A%2F%2Flocalhost%3A9005&scope=read%3Auser%20repo%20public_repo
[info] 
[info] Waiting for authentication...
[debug] [2023-06-09T12:17:23.572Z] >>> [apiv2][query] POST https://github.com/login/oauth/access_token [none]
[debug] [2023-06-09T12:17:23.573Z] >>> [apiv2][body] POST https://github.com/login/oauth/access_token [stream]
[debug] [2023-06-09T12:17:23.905Z] <<< [apiv2][status] POST https://github.com/login/oauth/access_token 200
[debug] [2023-06-09T12:17:23.905Z] <<< [apiv2][body] POST https://github.com/login/oauth/access_token {"access_token":"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","token_type":"bearer","scope":"read:user,repo"}
[debug] [2023-06-09T12:17:23.914Z] >>> [apiv2][query] GET https://api.github.com/user [none]
[debug] [2023-06-09T12:17:24.263Z] <<< [apiv2][status] GET https://api.github.com/user 200
[debug] [2023-06-09T12:17:24.263Z] <<< [apiv2][body] GET https://api.github.com/user {"login":"harsh1214","id":84891313,"node_id":"MDQ6VXNlcjg0ODkxMzEz","avatar_url":"https://avatars.githubusercontent.com/u/84891313?v=4","gravatar_id":"","url":"https://api.github.com/users/harsh1214","html_url":"https://github.com/harsh1214","followers_url":"https://api.github.com/users/harsh1214/followers","following_url":"https://api.github.com/users/harsh1214/following{/other_user}","gists_url":"https://api.github.com/users/harsh1214/gists{/gist_id}","starred_url":"https://api.github.com/users/harsh1214/starred{/owner}{/repo}","subscriptions_url":"https://api.github.com/users/harsh1214/subscriptions","organizations_url":"https://api.github.com/users/harsh1214/orgs","repos_url":"https://api.github.com/users/harsh1214/repos","events_url":"https://api.github.com/users/harsh1214/events{/privacy}","received_events_url":"https://api.github.com/users/harsh1214/received_events","type":"User","site_admin":false,"name":"Harshnarayan Yadav","company":null,"blog":"","location":null,"email":null,"hireable":true,"bio":"Interested in Web development","twitter_username":null,"public_repos":9,"public_gists":0,"followers":0,"following":2,"created_at":"2021-05-27T04:18:40Z","updated_at":"2023-04-21T05:03:41Z","private_gists":0,"total_private_repos":0,"owned_private_repos":0,"disk_usage":9647,"collaborators":0,"two_factor_authentication":false,"plan":{"name":"free","space":976562499,"collaborators":0,"private_repos":10000}}
[info] 
[info] +  Success! Logged into GitHub as harsh1214 
[info] 
